2018-10-03 23:40:40,065 INFO org.springframework.context.support.AbstractApplicationContext [main] Refreshing org.springframework.context.annotation.AnnotationConfigApplicationContext@6c6cb480: startup date [Wed Oct 03 23:40:40 CST 2018]; root of context hierarchy
2018-10-03 23:40:40,495 INFO org.hibernate.validator.internal.util.Version [background-preinit] HV000001: Hibernate Validator 5.3.6.Final
2018-10-03 23:40:40,666 INFO org.springframework.beans.factory.annotation.AutowiredAnnotationBeanPostProcessor [main] JSR-330 'javax.inject.Inject' annotation found and supported for autowiring
2018-10-03 23:40:40,748 INFO org.springframework.context.support.PostProcessorRegistrationDelegate$BeanPostProcessorChecker [main] Bean 'configurationPropertiesRebinderAutoConfiguration' of type [org.springframework.cloud.autoconfigure.ConfigurationPropertiesRebinderAutoConfiguration$$EnhancerBySpringCGLIB$$2d0240e0] is not eligible for getting processed by all BeanPostProcessors (for example: not eligible for auto-proxying)
2018-10-03 23:40:41,183 INFO org.springframework.cloud.config.client.ConfigServicePropertySourceLocator [main] Fetching config from server at: http://localhost:8888
2018-10-03 23:40:41,272 WARN org.springframework.cloud.config.client.ConfigServicePropertySourceLocator [main] Could not locate PropertySource: I/O error on GET request for "http://localhost:8888/recycle-thing-service/default": Connection refused (Connection refused); nested exception is java.net.ConnectException: Connection refused (Connection refused)
2018-10-03 23:40:41,274 INFO org.springframework.boot.SpringApplication [main] No active profile set, falling back to default profiles: default
2018-10-03 23:40:41,300 INFO org.springframework.context.support.AbstractApplicationContext [main] Refreshing org.springframework.boot.context.embedded.AnnotationConfigEmbeddedWebApplicationContext@6c25e6c4: startup date [Wed Oct 03 23:40:41 CST 2018]; parent: org.springframework.context.annotation.AnnotationConfigApplicationContext@6c6cb480
2018-10-03 23:40:42,139 INFO org.springframework.cloud.context.scope.GenericScope [main] BeanFactory id=e7c4bc39-d051-31b2-b4ad-824eb57b127c
2018-10-03 23:40:42,165 INFO org.springframework.beans.factory.annotation.AutowiredAnnotationBeanPostProcessor [main] JSR-330 'javax.inject.Inject' annotation found and supported for autowiring
2018-10-03 23:40:42,293 INFO org.springframework.context.support.PostProcessorRegistrationDelegate$BeanPostProcessorChecker [main] Bean 'org.springframework.transaction.annotation.ProxyTransactionManagementConfiguration' of type [org.springframework.transaction.annotation.ProxyTransactionManagementConfiguration$$EnhancerBySpringCGLIB$$10e83de3] is not eligible for getting processed by all BeanPostProcessors (for example: not eligible for auto-proxying)
2018-10-03 23:40:42,329 INFO org.springframework.context.support.PostProcessorRegistrationDelegate$BeanPostProcessorChecker [main] Bean 'org.springframework.cloud.autoconfigure.ConfigurationPropertiesRebinderAutoConfiguration' of type [org.springframework.cloud.autoconfigure.ConfigurationPropertiesRebinderAutoConfiguration$$EnhancerBySpringCGLIB$$2d0240e0] is not eligible for getting processed by all BeanPostProcessors (for example: not eligible for auto-proxying)
2018-10-03 23:40:42,662 INFO org.springframework.boot.context.embedded.tomcat.TomcatEmbeddedServletContainer [main] Tomcat initialized with port(s): 8081 (http)
2018-10-03 23:40:42,680 INFO org.apache.juli.logging.DirectJDKLog [main] Initializing ProtocolHandler ["http-nio-8081"]
2018-10-03 23:40:42,691 INFO org.apache.juli.logging.DirectJDKLog [main] Starting service [Tomcat]
2018-10-03 23:40:42,692 INFO org.apache.juli.logging.DirectJDKLog [main] Starting Servlet Engine: Apache Tomcat/8.5.31
2018-10-03 23:40:42,857 INFO org.apache.juli.logging.DirectJDKLog [localhost-startStop-1] Initializing Spring embedded WebApplicationContext
2018-10-03 23:40:42,857 INFO org.springframework.boot.context.embedded.EmbeddedWebApplicationContext [localhost-startStop-1] Root WebApplicationContext: initialization completed in 1557 ms
2018-10-03 23:40:43,053 INFO org.springframework.boot.web.servlet.ServletRegistrationBean [localhost-startStop-1] Mapping servlet: 'dispatcherServlet' to [/]
2018-10-03 23:40:43,058 INFO org.springframework.boot.web.servlet.AbstractFilterRegistrationBean [localhost-startStop-1] Mapping filter: 'characterEncodingFilter' to: [/*]
2018-10-03 23:40:43,059 INFO org.springframework.boot.web.servlet.AbstractFilterRegistrationBean [localhost-startStop-1] Mapping filter: 'hiddenHttpMethodFilter' to: [/*]
2018-10-03 23:40:43,059 INFO org.springframework.boot.web.servlet.AbstractFilterRegistrationBean [localhost-startStop-1] Mapping filter: 'httpPutFormContentFilter' to: [/*]
2018-10-03 23:40:43,060 INFO org.springframework.boot.web.servlet.AbstractFilterRegistrationBean [localhost-startStop-1] Mapping filter: 'requestContextFilter' to: [/*]
2018-10-03 23:40:43,755 WARN com.netflix.config.sources.URLConfigurationSource [main] No URLs will be polled as dynamic configuration sources.
2018-10-03 23:40:43,756 INFO com.netflix.config.sources.URLConfigurationSource [main] To enable URLs as dynamic configuration sources, define System property archaius.configurationSource.additionalUrls or make config.properties available on classpath.
2018-10-03 23:40:43,763 WARN com.netflix.config.sources.URLConfigurationSource [main] No URLs will be polled as dynamic configuration sources.
2018-10-03 23:40:43,764 INFO com.netflix.config.sources.URLConfigurationSource [main] To enable URLs as dynamic configuration sources, define System property archaius.configurationSource.additionalUrls or make config.properties available on classpath.
2018-10-03 23:40:43,967 INFO org.springframework.web.servlet.mvc.method.annotation.RequestMappingHandlerAdapter [main] Looking for @ControllerAdvice: org.springframework.boot.context.embedded.AnnotationConfigEmbeddedWebApplicationContext@6c25e6c4: startup date [Wed Oct 03 23:40:41 CST 2018]; parent: org.springframework.context.annotation.AnnotationConfigApplicationContext@6c6cb480
2018-10-03 23:40:44,060 INFO org.springframework.web.servlet.handler.AbstractHandlerMethodMapping$MappingRegistry [main] Mapped "{[/collector/getRecycleCollector/{id}]}" onto public pers.zhenfeng.core.base.BaseResult<pers.zhenfeng.api.bo.RecycleCollectorBO> pers.zhenfeng.service.controller.RecycleCollectorController.getRecycleCollector(java.lang.Integer)
2018-10-03 23:40:44,061 INFO org.springframework.web.servlet.handler.AbstractHandlerMethodMapping$MappingRegistry [main] Mapped "{[/collector/getRecycleCollectorByNo]}" onto public pers.zhenfeng.core.base.BaseResult<pers.zhenfeng.api.bo.RecycleCollectorBO> pers.zhenfeng.service.controller.RecycleCollectorController.getRecycleCollectorByNo(java.lang.String)
2018-10-03 23:40:44,062 INFO org.springframework.web.servlet.handler.AbstractHandlerMethodMapping$MappingRegistry [main] Mapped "{[/collector/getAllRecycleCollector]}" onto public pers.zhenfeng.core.base.BaseResult<java.util.List<pers.zhenfeng.api.bo.RecycleCollectorBO>> pers.zhenfeng.service.controller.RecycleCollectorController.getAllRecycleCollector()
2018-10-03 23:40:44,064 INFO org.springframework.web.servlet.handler.AbstractHandlerMethodMapping$MappingRegistry [main] Mapped "{[/commodity/getRecycleCommodity/{id}]}" onto public pers.zhenfeng.core.base.BaseResult<pers.zhenfeng.api.bo.RecycleCommodityBO> pers.zhenfeng.service.controller.RecycleCommodityController.getRecycleCommodityById(java.lang.Integer)
2018-10-03 23:40:44,064 INFO org.springframework.web.servlet.handler.AbstractHandlerMethodMapping$MappingRegistry [main] Mapped "{[/commodity/getRecycleCommodity]}" onto public pers.zhenfeng.core.base.BaseResult<pers.zhenfeng.api.bo.RecycleCommodityBO> pers.zhenfeng.service.controller.RecycleCommodityController.getRecycleCommodity(java.lang.String)
2018-10-03 23:40:44,065 INFO org.springframework.web.servlet.handler.AbstractHandlerMethodMapping$MappingRegistry [main] Mapped "{[/commodity/getRecycleCommodityPage],methods=[POST]}" onto public pers.zhenfeng.core.base.BaseResult<pers.zhenfeng.core.base.BasePage<pers.zhenfeng.api.bo.RecycleCommodityBO>> pers.zhenfeng.service.controller.RecycleCommodityController.getRecycleCommodityPage(pers.zhenfeng.api.bo.QueryCommodityParam)
2018-10-03 23:40:44,065 INFO org.springframework.web.servlet.handler.AbstractHandlerMethodMapping$MappingRegistry [main] Mapped "{[/commodity/insert],methods=[POST]}" onto public pers.zhenfeng.core.base.BaseResult<java.lang.Integer> pers.zhenfeng.service.controller.RecycleCommodityController.insertRecycleCommodity(pers.zhenfeng.api.bo.RecycleCommodityBO)
2018-10-03 23:40:44,065 INFO org.springframework.web.servlet.handler.AbstractHandlerMethodMapping$MappingRegistry [main] Mapped "{[/commodity/updateCommodityToStart]}" onto public pers.zhenfeng.core.base.BaseResult<java.lang.Integer> pers.zhenfeng.service.controller.RecycleCommodityController.updateCommodityToStart(java.lang.String)
2018-10-03 23:40:44,066 INFO org.springframework.web.servlet.handler.AbstractHandlerMethodMapping$MappingRegistry [main] Mapped "{[/commodity/updateCommodityToStop]}" onto public pers.zhenfeng.core.base.BaseResult<java.lang.Integer> pers.zhenfeng.service.controller.RecycleCommodityController.updateCommodityToStop(java.lang.String)
2018-10-03 23:40:44,068 INFO org.springframework.web.servlet.handler.AbstractHandlerMethodMapping$MappingRegistry [main] Mapped "{[/error]}" onto public org.springframework.http.ResponseEntity<java.util.Map<java.lang.String, java.lang.Object>> org.springframework.boot.autoconfigure.web.BasicErrorController.error(javax.servlet.http.HttpServletRequest)
2018-10-03 23:40:44,068 INFO org.springframework.web.servlet.handler.AbstractHandlerMethodMapping$MappingRegistry [main] Mapped "{[/error],produces=[text/html]}" onto public org.springframework.web.servlet.ModelAndView org.springframework.boot.autoconfigure.web.BasicErrorController.errorHtml(javax.servlet.http.HttpServletRequest,javax.servlet.http.HttpServletResponse)
2018-10-03 23:40:44,108 INFO org.springframework.web.servlet.handler.AbstractUrlHandlerMapping [main] Mapped URL path [/webjars/**] onto handler of type [class org.springframework.web.servlet.resource.ResourceHttpRequestHandler]
2018-10-03 23:40:44,108 INFO org.springframework.web.servlet.handler.AbstractUrlHandlerMapping [main] Mapped URL path [/**] onto handler of type [class org.springframework.web.servlet.resource.ResourceHttpRequestHandler]
2018-10-03 23:40:44,156 INFO org.springframework.web.servlet.handler.AbstractUrlHandlerMapping [main] Mapped URL path [/**/favicon.ico] onto handler of type [class org.springframework.web.servlet.resource.ResourceHttpRequestHandler]
2018-10-03 23:40:44,921 INFO org.springframework.jmx.export.MBeanExporter [main] Registering beans for JMX exposure on startup
2018-10-03 23:40:44,930 INFO org.springframework.jmx.export.MBeanExporter [main] Bean with name 'configurationPropertiesRebinder' has been autodetected for JMX exposure
2018-10-03 23:40:44,930 INFO org.springframework.jmx.export.MBeanExporter [main] Bean with name 'environmentManager' has been autodetected for JMX exposure
2018-10-03 23:40:44,931 INFO org.springframework.jmx.export.MBeanExporter [main] Bean with name 'refreshScope' has been autodetected for JMX exposure
2018-10-03 23:40:44,933 INFO org.springframework.jmx.export.MBeanExporter [main] Located managed bean 'environmentManager': registering with JMX server as MBean [org.springframework.cloud.context.environment:name=environmentManager,type=EnvironmentManager]
2018-10-03 23:40:44,947 INFO org.springframework.jmx.export.MBeanExporter [main] Located managed bean 'refreshScope': registering with JMX server as MBean [org.springframework.cloud.context.scope.refresh:name=refreshScope,type=RefreshScope]
2018-10-03 23:40:44,957 INFO org.springframework.jmx.export.MBeanExporter [main] Located managed bean 'configurationPropertiesRebinder': registering with JMX server as MBean [org.springframework.cloud.context.properties:name=configurationPropertiesRebinder,context=6c25e6c4,type=ConfigurationPropertiesRebinder]
2018-10-03 23:40:44,972 INFO org.springframework.context.support.DefaultLifecycleProcessor$LifecycleGroup [main] Starting beans in phase 0
2018-10-03 23:40:44,988 INFO org.springframework.cloud.netflix.eureka.InstanceInfoFactory [main] Setting initial instance status as: STARTING
2018-10-03 23:40:45,027 INFO com.netflix.discovery.DiscoveryClient [main] Initializing Eureka in region us-east-1
2018-10-03 23:40:45,341 INFO com.netflix.discovery.provider.DiscoveryJerseyProvider [main] Using JSON encoding codec LegacyJacksonJson
2018-10-03 23:40:45,342 INFO com.netflix.discovery.provider.DiscoveryJerseyProvider [main] Using JSON decoding codec LegacyJacksonJson
2018-10-03 23:40:45,489 INFO com.netflix.discovery.provider.DiscoveryJerseyProvider [main] Using XML encoding codec XStreamXml
2018-10-03 23:40:45,490 INFO com.netflix.discovery.provider.DiscoveryJerseyProvider [main] Using XML decoding codec XStreamXml
2018-10-03 23:40:45,759 INFO com.netflix.discovery.shared.resolver.aws.ConfigClusterResolver [main] Resolving eureka endpoints via configuration
2018-10-03 23:40:45,781 INFO com.netflix.discovery.DiscoveryClient [main] Disable delta property : false
2018-10-03 23:40:45,782 INFO com.netflix.discovery.DiscoveryClient [main] Single vip registry refresh property : null
2018-10-03 23:40:45,782 INFO com.netflix.discovery.DiscoveryClient [main] Force full registry fetch : false
2018-10-03 23:40:45,782 INFO com.netflix.discovery.DiscoveryClient [main] Application is null : false
2018-10-03 23:40:45,782 INFO com.netflix.discovery.DiscoveryClient [main] Registered Applications size is zero : true
2018-10-03 23:40:45,783 INFO com.netflix.discovery.DiscoveryClient [main] Application version is -1: true
2018-10-03 23:40:45,783 INFO com.netflix.discovery.DiscoveryClient [main] Getting all instance registry info from the eureka server
2018-10-03 23:40:45,905 INFO com.netflix.discovery.DiscoveryClient [main] The response status is 200
2018-10-03 23:40:45,906 INFO com.netflix.discovery.DiscoveryClient [main] Starting heartbeat executor: renew interval is: 30
2018-10-03 23:40:45,909 INFO com.netflix.discovery.InstanceInfoReplicator [main] InstanceInfoReplicator onDemand update allowed rate per min is 4
2018-10-03 23:40:45,911 INFO com.netflix.discovery.DiscoveryClient [main] Discovery Client initialized at timestamp 1538581245911 with initial instances count: 0
2018-10-03 23:40:45,915 INFO org.springframework.cloud.netflix.eureka.serviceregistry.EurekaServiceRegistry [main] Registering application recycle-thing-service with eureka with status UP
2018-10-03 23:40:45,916 INFO com.netflix.discovery.DiscoveryClient$3 [main] Saw local status change event StatusChangeEvent [timestamp=1538581245916, current=UP, previous=STARTING]
2018-10-03 23:40:45,918 INFO com.netflix.discovery.DiscoveryClient [DiscoveryClient-InstanceInfoReplicator-0] DiscoveryClient_RECYCLE-THING-SERVICE/192.168.0.100:recycle-thing-service:8081: registering service...
2018-10-03 23:40:45,937 INFO org.apache.juli.logging.DirectJDKLog [main] Starting ProtocolHandler ["http-nio-8081"]
2018-10-03 23:40:45,959 INFO com.netflix.discovery.DiscoveryClient [DiscoveryClient-InstanceInfoReplicator-0] DiscoveryClient_RECYCLE-THING-SERVICE/192.168.0.100:recycle-thing-service:8081 - registration status: 204
2018-10-03 23:40:45,988 INFO org.apache.juli.logging.DirectJDKLog [main] Using a shared selector for servlet write/read
2018-10-03 23:40:46,005 INFO org.springframework.boot.context.embedded.tomcat.TomcatEmbeddedServletContainer [main] Tomcat started on port(s): 8081 (http)
2018-10-03 23:40:46,007 INFO org.springframework.cloud.netflix.eureka.serviceregistry.EurekaAutoServiceRegistration [main] Updating port to 8081
2018-10-03 23:40:46,019 INFO org.springframework.boot.StartupInfoLogger [main] Started ApplicationService in 7.117 seconds (JVM running for 7.876)
2018-10-03 23:41:15,910 INFO com.netflix.discovery.DiscoveryClient [DiscoveryClient-CacheRefreshExecutor-0] Disable delta property : false
2018-10-03 23:41:15,912 INFO com.netflix.discovery.DiscoveryClient [DiscoveryClient-CacheRefreshExecutor-0] Single vip registry refresh property : null
2018-10-03 23:41:15,913 INFO com.netflix.discovery.DiscoveryClient [DiscoveryClient-CacheRefreshExecutor-0] Force full registry fetch : false
2018-10-03 23:41:15,913 INFO com.netflix.discovery.DiscoveryClient [DiscoveryClient-CacheRefreshExecutor-0] Application is null : false
2018-10-03 23:41:15,913 INFO com.netflix.discovery.DiscoveryClient [DiscoveryClient-CacheRefreshExecutor-0] Registered Applications size is zero : true
2018-10-03 23:41:15,913 INFO com.netflix.discovery.DiscoveryClient [DiscoveryClient-CacheRefreshExecutor-0] Application version is -1: false
2018-10-03 23:41:15,913 INFO com.netflix.discovery.DiscoveryClient [DiscoveryClient-CacheRefreshExecutor-0] Getting all instance registry info from the eureka server
2018-10-03 23:41:15,963 INFO com.netflix.discovery.DiscoveryClient [DiscoveryClient-CacheRefreshExecutor-0] The response status is 200
2018-10-03 23:42:27,810 INFO org.springframework.context.support.AbstractApplicationContext [Thread-6] Closing org.springframework.boot.context.embedded.AnnotationConfigEmbeddedWebApplicationContext@6c25e6c4: startup date [Wed Oct 03 23:40:41 CST 2018]; parent: org.springframework.context.annotation.AnnotationConfigApplicationContext@6c6cb480
2018-10-03 23:42:27,818 INFO org.springframework.cloud.netflix.eureka.serviceregistry.EurekaServiceRegistry [Thread-6] Unregistering application recycle-thing-service with eureka with status DOWN
2018-10-03 23:42:27,824 WARN com.netflix.discovery.DiscoveryClient$3 [Thread-6] Saw local status change event StatusChangeEvent [timestamp=1538581347824, current=DOWN, previous=UP]
2018-10-03 23:42:27,828 INFO com.netflix.discovery.DiscoveryClient [DiscoveryClient-InstanceInfoReplicator-0] DiscoveryClient_RECYCLE-THING-SERVICE/192.168.0.100:recycle-thing-service:8081: registering service...
2018-10-03 23:42:27,843 INFO org.springframework.context.support.DefaultLifecycleProcessor$LifecycleGroup [Thread-6] Stopping beans in phase 0
2018-10-03 23:42:27,845 INFO com.netflix.discovery.DiscoveryClient [DiscoveryClient-InstanceInfoReplicator-0] DiscoveryClient_RECYCLE-THING-SERVICE/192.168.0.100:recycle-thing-service:8081 - registration status: 204
2018-10-03 23:42:27,851 INFO org.springframework.jmx.export.MBeanExporter [Thread-6] Unregistering JMX-exposed beans on shutdown
2018-10-03 23:42:27,852 INFO org.springframework.jmx.support.MBeanRegistrationSupport [Thread-6] Unregistering JMX-exposed beans
2018-10-03 23:42:27,858 INFO com.netflix.discovery.DiscoveryClient [Thread-6] Shutting down DiscoveryClient ...
2018-10-03 23:42:27,865 WARN org.springframework.beans.factory.annotation.InitDestroyAnnotationBeanPostProcessor [Thread-6] Invocation of destroy method failed on bean with name 'scopedTarget.eurekaClient': org.springframework.beans.factory.BeanCreationNotAllowedException: Error creating bean with name 'eurekaInstanceConfigBean': Singleton bean creation not allowed while singletons of this factory are in destruction (Do not request a bean from a BeanFactory in a destroy method implementation!)
